<?xml version="1.0" encoding="UTF-8"?>
<!-- Generated by org.testng.reporters.JUnitReportReporter -->
<testsuite hostname="DESKTOP-QO29FBT" name="com.testproject.SeleniumProject.AppTest" tests="1" failures="0" timestamp="16 Dec 2017 16:46:04 GMT" time="0.001" errors="0">
  <testcase name="testApp" time="0.001" classname="com.testproject.SeleniumProject.AppTest"/>
</testsuite> <!-- com.testproject.SeleniumProject.AppTest -->
