<?xml version="1.0" encoding="UTF-8"?>
<!-- Generated by org.testng.reporters.JUnitReportReporter -->
<testsuite hostname="DESKTOP-QO29FBT" name="com.testproject.SeleniumProject.SampleTest" tests="1" failures="0" timestamp="15 Dec 2017 02:25:42 GMT" time="0.854" errors="0">
  <testcase name="Start" time="0.854" classname="com.testproject.SeleniumProject.SampleTest"/>
</testsuite> <!-- com.testproject.SeleniumProject.SampleTest -->
